  GRaphs.cpp
C:\Users\user\Graphs\GRaphs\GRaphs\matrixType.h(26,21): warning C4018: <: несоответствие типов со знаком и без знака
C:\Users\user\Graphs\GRaphs\GRaphs\matrixType.h(39,20): warning C4018: <: несоответствие типов со знаком и без знака
C:\Users\user\Graphs\GRaphs\GRaphs\matrixType.h(43,20): warning C4018: <: несоответствие типов со знаком и без знака
C:\Users\user\Graphs\GRaphs\GRaphs\matrixType.h(239,25): warning C4018: <: несоответствие типов со знаком и без знака
C:\Users\user\Graphs\GRaphs\GRaphs\matrixType.h(283,26): warning C4018: <: несоответствие типов со знаком и без знака
C:\Users\user\Graphs\GRaphs\GRaphs\matrixType.h(323,22): warning C4018: <: несоответствие типов со знаком и без знака
C:\Users\user\Graphs\GRaphs\GRaphs\matrixType.h(364,21): warning C4018: <: несоответствие типов со знаком и без знака
C:\Users\user\Graphs\GRaphs\GRaphs\matrixType.h(584,23): warning C4244: инициализация: преобразование "double" в "int", возможна потеря данных
C:\Users\user\Graphs\GRaphs\GRaphs\matrixType.h(617,21): warning C4018: <: несоответствие типов со знаком и без знака
C:\Users\user\Graphs\GRaphs\GRaphs\matrixType.h(623,21): warning C4018: <: несоответствие типов со знаком и без знака
C:\Users\user\Graphs\GRaphs\GRaphs\matrixType.h(648,21): warning C4018: <: несоответствие типов со знаком и без знака
C:\Users\user\Graphs\GRaphs\GRaphs\matrixType.h(675,22): warning C4018: <: несоответствие типов со знаком и без знака
C:\Users\user\Graphs\GRaphs\GRaphs\matrixType.h(680,21): warning C4018: <: несоответствие типов со знаком и без знака
C:\Users\user\Graphs\GRaphs\GRaphs\matrixType.h(688,22): warning C4018: <: несоответствие типов со знаком и без знака
C:\Users\user\Graphs\GRaphs\GRaphs\matrixType.h(693,21): warning C4018: <: несоответствие типов со знаком и без знака
C:\Users\user\Graphs\GRaphs\GRaphs\matrixType.h(732,21): warning C4018: <: несоответствие типов со знаком и без знака
C:\Users\user\Graphs\GRaphs\GRaphs\matrixType.h(734,22): warning C4018: <: несоответствие типов со знаком и без знака
C:\Users\user\Graphs\GRaphs\GRaphs\matrixType.h(746,20): warning C4018: <: несоответствие типов со знаком и без знака
C:\Users\user\Graphs\GRaphs\GRaphs\matrixType.h(748,21): warning C4018: <: несоответствие типов со знаком и без знака
C:\Users\user\Graphs\GRaphs\GRaphs\crsType.h(41,21): warning C4018: <: несоответствие типов со знаком и без знака
C:\Users\user\Graphs\GRaphs\GRaphs\crsType.h(47,21): warning C4018: <: несоответствие типов со знаком и без знака
  GRaphs.vcxproj -> C:\Users\user\Graphs\GRaphs\Debug\GRaphs.exe
